I, [2009-09-03T22:53:03.887406 #21199]  INFO -- : Fetching token for robert.bahmann@gmail.com
I, [2009-09-03T22:53:04.476565 #21199]  INFO -- : Fetched token: D489248925A367A5AD9F45EE5F1594DE19C73D605DEF5FAD6CB2FEA966F58126
I, [2009-09-03T22:53:04.476700 #21199]  INFO -- : Fetching index
I, [2009-09-03T22:53:04.888275 #21199]  INFO -- : Fetching Note agtzaW1wbGUtbm90ZXIMCxIETm90ZRi6nA0M
I, [2009-09-03T22:53:05.307082 #21199]  INFO -- : Fetched node: agtzaW1wbGUtbm90ZXIMCxIETm90ZRi6nA0M
I, [2009-09-03T22:54:33.983051 #21252]  INFO -- : Fetching token for robert.bahmann@gmail.com
I, [2009-09-03T22:54:34.517118 #21252]  INFO -- : Fetched token: EE6C98C6DEF82D49EFEEF89E2625B0C947679ED684D590CC7D26183E716E002E
I, [2009-09-03T22:54:34.517219 #21252]  INFO -- : Fetching index
I, [2009-09-03T22:54:34.927961 #21252]  INFO -- : Fetching Note agtzaW1wbGUtbm90ZXIMCxIETm90ZRi6nA0M
I, [2009-09-03T22:54:35.349274 #21252]  INFO -- : Fetched node: agtzaW1wbGUtbm90ZXIMCxIETm90ZRi6nA0M
I, [2009-09-03T22:55:24.186657 #21271]  INFO -- : Fetching token for robert.bahmann@gmail.com
I, [2009-09-03T22:55:24.780524 #21271]  INFO -- : Fetched token: AFBBFF793A92F9DCD0DFE52BD6E9A6F0690E25953C68691FFB5EB53F4B3CED5F
I, [2009-09-03T22:55:24.780679 #21271]  INFO -- : Fetching index
I, [2009-09-03T22:55:25.205375 #21271]  INFO -- : Fetching Note agtzaW1wbGUtbm90ZXIMCxIETm90ZRi6nA0M
I, [2009-09-03T22:55:25.634858 #21271]  INFO -- : Fetched node: agtzaW1wbGUtbm90ZXIMCxIETm90ZRi6nA0M
I, [2009-09-03T22:56:11.421818 #21295]  INFO -- : Fetching token for robert.bahmann@gmail.com
I, [2009-09-03T22:56:11.966028 #21295]  INFO -- : Fetched token: DDDF3065F8A7F369EB5A2B875356B04E7CBFFF4097ED2274D79AED1F6FA81454
I, [2009-09-03T22:56:11.966210 #21295]  INFO -- : Fetching index
I, [2009-09-03T22:56:12.396262 #21295]  INFO -- : Fetching Note agtzaW1wbGUtbm90ZXIMCxIETm90ZRi6nA0M
I, [2009-09-03T22:56:12.866224 #21295]  INFO -- : Fetched node: agtzaW1wbGUtbm90ZXIMCxIETm90ZRi6nA0M
I, [2009-09-03T22:56:54.680267 #21312]  INFO -- : Fetching token for robert.bahmann@gmail.com
I, [2009-09-03T22:56:55.227866 #21312]  INFO -- : Fetched token: 0A9A036B492B020A3080C23606F889C0774DBB7655C57BA5B2BD1249A85E01A2
I, [2009-09-03T22:56:55.227966 #21312]  INFO -- : Fetching index
I, [2009-09-03T22:56:55.672536 #21312]  INFO -- : Fetching Note agtzaW1wbGUtbm90ZXIMCxIETm90ZRi6nA0M
I, [2009-09-03T22:58:10.306243 #21332]  INFO -- : Fetching token for robert.bahmann@gmail.com
I, [2009-09-03T22:58:10.899123 #21332]  INFO -- : Fetched token: 73A5AAB9D66C44F3198B99037A2F79E72CA2EF487C8C9BBB95213ABDCF35077B
I, [2009-09-03T22:58:10.899270 #21332]  INFO -- : Fetching index
I, [2009-09-03T22:58:11.323763 #21332]  INFO -- : Fetching Note agtzaW1wbGUtbm90ZXIMCxIETm90ZRi6nA0M
I, [2009-09-03T22:58:11.744108 #21332]  INFO -- : Fetched node: agtzaW1wbGUtbm90ZXIMCxIETm90ZRi6nA0M
I, [2009-09-03T22:59:40.807818 #21357]  INFO -- : Fetching token for robert.bahmann@gmail.com
I, [2009-09-03T22:59:41.355483 #21357]  INFO -- : Fetched token: 374CBDAC99DA8ED4C9560085239650843B6CDB7BE05FDA575C3FB4D24C42A822
I, [2009-09-03T22:59:41.355742 #21357]  INFO -- : Fetching index
I, [2009-09-03T22:59:41.773126 #21357]  INFO -- : Fetching Note agtzaW1wbGUtbm90ZXIMCxIETm90ZRi6nA0M
D, [2009-09-03T22:59:42.199059 #21357] DEBUG -- : TG9yZW0=
:TG9yZW0=

I, [2009-09-03T22:59:42.199143 #21357]  INFO -- : Fetched node: agtzaW1wbGUtbm90ZXIMCxIETm90ZRi6nA0M
I, [2009-09-03T23:02:27.168605 #21382]  INFO -- : Fetching token for robert.bahmann@gmail.com
I, [2009-09-03T23:02:27.779362 #21382]  INFO -- : Fetched token: 9B45D36D0294FC8DB07F8F0C07A6EA60E38075076D9D6A24071CAF6115BAE3F5
I, [2009-09-03T23:02:27.779496 #21382]  INFO -- : Fetching index
I, [2009-09-03T23:02:28.198503 #21382]  INFO -- : Fetching Note agtzaW1wbGUtbm90ZXIMCxIETm90ZRi6nA0M
I, [2009-09-03T23:03:06.638536 #21395]  INFO -- : Fetching token for robert.bahmann@gmail.com
I, [2009-09-03T23:03:07.186560 #21395]  INFO -- : Fetched token: C06BE2341531702DEDFD8C5736DF27440A9B38222E3F10CB7B5293037EDB69FF
I, [2009-09-03T23:03:07.186678 #21395]  INFO -- : Fetching index
I, [2009-09-03T23:03:07.604037 #21395]  INFO -- : Fetching Note agtzaW1wbGUtbm90ZXIMCxIETm90ZRi6nA0M
D, [2009-09-03T23:03:08.029579 #21395] DEBUG -- : TG9yZW0=
:
I, [2009-09-03T23:03:08.029675 #21395]  INFO -- : Fetched node: TG9yZW0=

I, [2009-09-03T23:03:50.701826 #21403]  INFO -- : Fetching token for robert.bahmann@gmail.com
I, [2009-09-03T23:03:51.261986 #21403]  INFO -- : Fetched token: 3A073DDF763248BB81E4855392BBED326C2A0D3C8D53D63419C584EE986F8659
I, [2009-09-03T23:03:51.262190 #21403]  INFO -- : Fetching index
I, [2009-09-03T23:04:05.531988 #21412]  INFO -- : Fetching token for robert.bahmann@gmail.com
I, [2009-09-03T23:04:06.073062 #21412]  INFO -- : Fetched token: E917BEEEFDA175B7673491C6AC3CF17480BA17B6FD888A515E3E50C2FBBB1593
I, [2009-09-03T23:04:06.073206 #21412]  INFO -- : Fetching index
I, [2009-09-03T23:04:20.450400 #21420]  INFO -- : Fetching token for robert.bahmann@gmail.com
I, [2009-09-03T23:04:21.016671 #21420]  INFO -- : Fetched token: 65BB69D5BB6CB6CF55A007B061D8EE9C1A9D7DB19CC2E387F1B65B0008830334
I, [2009-09-03T23:04:21.016772 #21420]  INFO -- : Fetching index
I, [2009-09-03T23:04:40.661257 #21432]  INFO -- : Fetching token for robert.bahmann@gmail.com
I, [2009-09-03T23:04:41.211175 #21432]  INFO -- : Fetched token: FCB8BE7C362261CF937CE647B98731BAAD1E53AA6456ECCB4CED632AF8498EC2
I, [2009-09-03T23:04:41.211279 #21432]  INFO -- : Fetching index
I, [2009-09-03T23:04:48.414203 #21445]  INFO -- : Fetching token for robert.bahmann@gmail.com
I, [2009-09-03T23:04:48.957291 #21445]  INFO -- : Fetched token: B7023B22E93DEC559040E8A9F79C4FBF7C8B23F4BBF3FBD96A0150CCB4C248CA
I, [2009-09-03T23:04:48.957459 #21445]  INFO -- : Fetching index
I, [2009-09-03T23:10:24.450521 #21467]  INFO -- : Fetching token for robert.bahmann@gmail.com
I, [2009-09-03T23:10:25.075301 #21467]  INFO -- : Fetched token: 9A92DA8E5EB0148D874055D9D64D49AF14E174F662197B0B5A4185EE6004E4FA
I, [2009-09-03T23:10:25.075401 #21467]  INFO -- : Fetching index
I, [2009-09-03T23:10:25.502117 #21467]  INFO -- : Fetching Note agtzaW1wbGUtbm90ZXIMCxIETm90ZRi6nA0M
D, [2009-09-03T23:10:25.939131 #21467] DEBUG -- : TG9yZW0=
:
I, [2009-09-03T23:10:25.939241 #21467]  INFO -- : Fetched node: TG9yZW0=

I, [2009-09-03T23:10:40.283339 #21475]  INFO -- : Fetching token for robert.bahmann@gmail.com
I, [2009-09-03T23:10:40.815699 #21475]  INFO -- : Fetched token: D542CD7BC9E1BB3FEAB11817B2870357DA3F0A38B9EC4F3027A3E6978EE8FDCF
I, [2009-09-03T23:10:40.815808 #21475]  INFO -- : Fetching index
I, [2009-09-03T23:10:41.236267 #21475]  INFO -- : Fetching Note agtzaW1wbGUtbm90ZXIMCxIETm90ZRi6nA0M
D, [2009-09-03T23:10:41.671480 #21475] DEBUG -- : TG9yZW0=
:
I, [2009-09-03T23:10:41.671589 #21475]  INFO -- : Fetched node: TG9yZW0=

I, [2009-09-03T23:10:58.614456 #21484]  INFO -- : Fetching token for robert.bahmann@gmail.com
I, [2009-09-03T23:10:59.186684 #21484]  INFO -- : Fetched token: 5DA29B4BABD5D80C361D0F23DB28AEFF42E5819E3306E6DE7F41BD449C8F749E
I, [2009-09-03T23:10:59.186802 #21484]  INFO -- : Fetching Note agtzaW1wbGUtbm90ZXIMCxIETm90ZRi6nA0M
D, [2009-09-03T23:10:59.605850 #21484] DEBUG -- : TG9yZW0=
:
I, [2009-09-03T23:10:59.605967 #21484]  INFO -- : Fetched node: TG9yZW0=

I, [2009-09-03T23:12:40.486777 #21503]  INFO -- : Fetching token for robert.bahmann@gmail.com
I, [2009-09-03T23:12:41.061589 #21503]  INFO -- : Fetched token: F6FA2AFC402B36F6E0BC53309E667210B2C2DC82D718D07306A0FF9190420DBB
I, [2009-09-03T23:12:41.062110 #21503]  INFO -- : Fetching Note agtzaW1wbGUtbm90ZXIMCxIETm90ZRi6nA0M
D, [2009-09-03T23:12:41.491557 #21503] DEBUG -- : cache-control:no-cache
D, [2009-09-03T23:12:41.491670 #21503] DEBUG -- : connection:close
D, [2009-09-03T23:12:41.491738 #21503] DEBUG -- : expires:Fri, 01 Jan 1990 00:00:00 GMT
D, [2009-09-03T23:12:41.491804 #21503] DEBUG -- : date:Thu, 03 Sep 2009 21:12:41 GMT
D, [2009-09-03T23:12:41.491868 #21503] DEBUG -- : note-modifydate:2009-09-03 19:08:53
D, [2009-09-03T23:12:41.491933 #21503] DEBUG -- : content-type:text/html; charset=utf-8
D, [2009-09-03T23:12:41.491997 #21503] DEBUG -- : note-key:agtzaW1wbGUtbm90ZXIMCxIETm90ZRi6nA0M
D, [2009-09-03T23:12:41.492060 #21503] DEBUG -- : server:Google Frontend
D, [2009-09-03T23:12:41.492179 #21503] DEBUG -- : note-deleted:False
D, [2009-09-03T23:12:41.492249 #21503] DEBUG -- : note-createdate:2009-09-03 19:08:42
D, [2009-09-03T23:12:41.492313 #21503] DEBUG -- : transfer-encoding:chunked
I, [2009-09-03T23:12:41.492389 #21503]  INFO -- : Fetched node: transfer-encoding
I, [2009-09-03T23:13:20.192351 #21531]  INFO -- : Fetching token for robert.bahmann@gmail.com
I, [2009-09-03T23:13:20.739988 #21531]  INFO -- : Fetched token: B4E6C5927DBAE40F9AB0315F636DA0A32A7418F9986A1C8E378F0159413533EE
I, [2009-09-03T23:13:20.740141 #21531]  INFO -- : Fetching Note agtzaW1wbGUtbm90ZXIMCxIETm90ZRi6nA0M
D, [2009-09-03T23:13:21.161678 #21531] DEBUG -- : cache-control:no-cache
D, [2009-09-03T23:13:21.161762 #21531] DEBUG -- : connection:close
D, [2009-09-03T23:13:21.161805 #21531] DEBUG -- : expires:Fri, 01 Jan 1990 00:00:00 GMT
D, [2009-09-03T23:13:21.161847 #21531] DEBUG -- : date:Thu, 03 Sep 2009 21:13:21 GMT
D, [2009-09-03T23:13:21.161888 #21531] DEBUG -- : note-modifydate:2009-09-03 19:08:53
D, [2009-09-03T23:13:21.161928 #21531] DEBUG -- : content-type:text/html; charset=utf-8
D, [2009-09-03T23:13:21.161969 #21531] DEBUG -- : note-key:agtzaW1wbGUtbm90ZXIMCxIETm90ZRi6nA0M
D, [2009-09-03T23:13:21.162010 #21531] DEBUG -- : server:Google Frontend
D, [2009-09-03T23:13:21.162050 #21531] DEBUG -- : note-deleted:False
D, [2009-09-03T23:13:21.162092 #21531] DEBUG -- : note-createdate:2009-09-03 19:08:42
D, [2009-09-03T23:13:21.162133 #21531] DEBUG -- : transfer-encoding:chunked
I, [2009-09-03T23:13:21.162175 #21531]  INFO -- : Fetched node: transfer-encoding
D, [2009-09-03T23:13:21.162216 #21531] DEBUG -- : key: agtzaW1wbGUtbm90ZXIMCxIETm90ZRi6nA0M
D, [2009-09-03T23:13:21.162257 #21531] DEBUG -- : createDate: 2009-09-03 19:08:42
D, [2009-09-03T23:13:21.162298 #21531] DEBUG -- : modifyDate: 2009-09-03 19:08:53
I, [2009-09-03T23:13:39.781507 #21547]  INFO -- : Fetching token for robert.bahmann@gmail.com
I, [2009-09-03T23:13:40.321069 #21547]  INFO -- : Fetched token: C6F95C2D7F39E26D86C803B3CE5D528A2782EAA148E6D29C09283E5E46CDE5A6
I, [2009-09-03T23:13:40.321171 #21547]  INFO -- : Fetching Note agtzaW1wbGUtbm90ZXIMCxIETm90ZRi6nA0M
D, [2009-09-03T23:13:40.761948 #21547] DEBUG -- : cache-control:no-cache
D, [2009-09-03T23:13:40.762030 #21547] DEBUG -- : connection:close
D, [2009-09-03T23:13:40.762083 #21547] DEBUG -- : expires:Fri, 01 Jan 1990 00:00:00 GMT
D, [2009-09-03T23:13:40.762135 #21547] DEBUG -- : date:Thu, 03 Sep 2009 21:13:40 GMT
D, [2009-09-03T23:13:40.762186 #21547] DEBUG -- : note-modifydate:2009-09-03 19:08:53
D, [2009-09-03T23:13:40.762236 #21547] DEBUG -- : content-type:text/html; charset=utf-8
D, [2009-09-03T23:13:40.762287 #21547] DEBUG -- : note-key:agtzaW1wbGUtbm90ZXIMCxIETm90ZRi6nA0M
D, [2009-09-03T23:13:40.762337 #21547] DEBUG -- : server:Google Frontend
D, [2009-09-03T23:13:40.762387 #21547] DEBUG -- : note-deleted:False
D, [2009-09-03T23:13:40.762436 #21547] DEBUG -- : note-createdate:2009-09-03 19:08:42
D, [2009-09-03T23:13:40.762486 #21547] DEBUG -- : transfer-encoding:chunked
I, [2009-09-03T23:13:40.762536 #21547]  INFO -- : Fetched node: transfer-encoding
D, [2009-09-03T23:13:40.762587 #21547] DEBUG -- : key: agtzaW1wbGUtbm90ZXIMCxIETm90ZRi6nA0M
D, [2009-09-03T23:13:40.762640 #21547] DEBUG -- : createDate: 2009-09-03 19:08:42
D, [2009-09-03T23:13:40.762689 #21547] DEBUG -- : modifyDate: 2009-09-03 19:08:53
D, [2009-09-03T23:13:40.762741 #21547] DEBUG -- : deleted: false
I, [2009-09-03T23:16:51.531908 #21570]  INFO -- : Fetching token for robert.bahmann@gmail.com
I, [2009-09-03T23:16:52.149267 #21570]  INFO -- : Fetched token: E8393F1840C9A1218E83945E146504DD68733457FA18E307671ADCC5DA66C546
I, [2009-09-03T23:16:52.149449 #21570]  INFO -- : Fetching Note agtzaW1wbGUtbm90ZXIMCxIETm90ZRi6nA0M
D, [2009-09-03T23:16:52.569400 #21570] DEBUG -- : cache-control:no-cache
D, [2009-09-03T23:16:52.569510 #21570] DEBUG -- : connection:close
D, [2009-09-03T23:16:52.569579 #21570] DEBUG -- : expires:Fri, 01 Jan 1990 00:00:00 GMT
D, [2009-09-03T23:16:52.569645 #21570] DEBUG -- : date:Thu, 03 Sep 2009 21:16:52 GMT
D, [2009-09-03T23:16:52.569751 #21570] DEBUG -- : note-modifydate:2009-09-03 19:08:53
D, [2009-09-03T23:16:52.569818 #21570] DEBUG -- : content-type:text/html; charset=utf-8
D, [2009-09-03T23:16:52.569882 #21570] DEBUG -- : note-key:agtzaW1wbGUtbm90ZXIMCxIETm90ZRi6nA0M
D, [2009-09-03T23:16:52.569945 #21570] DEBUG -- : server:Google Frontend
D, [2009-09-03T23:16:52.570008 #21570] DEBUG -- : note-deleted:False
D, [2009-09-03T23:16:52.570071 #21570] DEBUG -- : note-createdate:2009-09-03 19:08:42
D, [2009-09-03T23:16:52.570134 #21570] DEBUG -- : transfer-encoding:chunked
I, [2009-09-03T23:16:52.570199 #21570]  INFO -- : Fetched node: transfer-encoding
D, [2009-09-03T23:16:52.570263 #21570] DEBUG -- : key: agtzaW1wbGUtbm90ZXIMCxIETm90ZRi6nA0M
D, [2009-09-03T23:16:52.570328 #21570] DEBUG -- : createDate: 2009-09-03 19:08:42
D, [2009-09-03T23:16:52.570392 #21570] DEBUG -- : modifyDate: 2009-09-03 19:08:53
D, [2009-09-03T23:16:52.570457 #21570] DEBUG -- : deleted: false
I, [2009-09-03T23:17:22.595525 #21594]  INFO -- : Fetching token for robert.bahmann@gmail.com
I, [2009-09-03T23:17:23.184257 #21594]  INFO -- : Fetched token: F3B1EF2D7904C815F78FBAB11778973B052E39F369BF91099F0C50130F57A4B1
I, [2009-09-03T23:17:23.184378 #21594]  INFO -- : Fetching Note agtzaW1wbGUtbm90ZXIMCxIETm90ZRi6nA0M
I, [2009-09-03T23:17:23.613383 #21594]  INFO -- : Fetched node: agtzaW1wbGUtbm90ZXIMCxIETm90ZRi6nA0M
D, [2009-09-03T23:17:23.613495 #21594] DEBUG -- : key: agtzaW1wbGUtbm90ZXIMCxIETm90ZRi6nA0M
D, [2009-09-03T23:17:23.613563 #21594] DEBUG -- : createDate: 2009-09-03 19:08:42
D, [2009-09-03T23:17:23.613629 #21594] DEBUG -- : modifyDate: 2009-09-03 19:08:53
D, [2009-09-03T23:17:23.613698 #21594] DEBUG -- : deleted: false
D, [2009-09-03T23:17:23.613790 #21594] DEBUG -- : body: Lorem
I, [2009-09-03T23:17:32.498625 #21602]  INFO -- : Fetching token for robert.bahmann@gmail.com
I, [2009-09-03T23:17:33.057719 #21602]  INFO -- : Fetched token: 9FDF9B09EE1D198705242C8614DEDCAE3359D5755918AECF7018FF34029A4705
I, [2009-09-03T23:17:33.057822 #21602]  INFO -- : Fetching Note agtzaW1wbGUtbm90ZXIMCxIETm90ZRi6nA0M
I, [2009-09-03T23:17:33.476925 #21602]  INFO -- : Fetched node: agtzaW1wbGUtbm90ZXIMCxIETm90ZRi6nA0M
D, [2009-09-03T23:17:33.477012 #21602] DEBUG -- : key: agtzaW1wbGUtbm90ZXIMCxIETm90ZRi6nA0M
D, [2009-09-03T23:17:33.477056 #21602] DEBUG -- : createDate: 2009-09-03 19:08:42
D, [2009-09-03T23:17:33.477098 #21602] DEBUG -- : modifyDate: 2009-09-03 19:08:53
D, [2009-09-03T23:17:33.477142 #21602] DEBUG -- : deleted: false
D, [2009-09-03T23:17:33.477187 #21602] DEBUG -- : body: Lorem
I, [2009-09-03T23:17:33.477228 #21602]  INFO -- : Fetching index
I, [2009-09-03T23:17:33.886992 #21602]  INFO -- : Fetching Note agtzaW1wbGUtbm90ZXIMCxIETm90ZRi6nA0M
I, [2009-09-03T23:17:34.307699 #21602]  INFO -- : Fetched node: agtzaW1wbGUtbm90ZXIMCxIETm90ZRi6nA0M
D, [2009-09-03T23:17:34.307834 #21602] DEBUG -- : key: agtzaW1wbGUtbm90ZXIMCxIETm90ZRi6nA0M
D, [2009-09-03T23:17:34.307903 #21602] DEBUG -- : createDate: 2009-09-03 19:08:42
D, [2009-09-03T23:17:34.307969 #21602] DEBUG -- : modifyDate: 2009-09-03 19:08:53
D, [2009-09-03T23:17:34.308057 #21602] DEBUG -- : deleted: false
D, [2009-09-03T23:17:34.308184 #21602] DEBUG -- : body: Lorem
I, [2009-09-03T23:17:34.308316 #21602]  INFO -- : Fetching Note agtzaW1wbGUtbm90ZXIMCxIETm90ZRjHkQ0M
I, [2009-09-03T23:17:34.737415 #21602]  INFO -- : Fetched node: agtzaW1wbGUtbm90ZXIMCxIETm90ZRjHkQ0M
D, [2009-09-03T23:17:34.737530 #21602] DEBUG -- : key: agtzaW1wbGUtbm90ZXIMCxIETm90ZRjHkQ0M
D, [2009-09-03T23:17:34.737600 #21602] DEBUG -- : createDate: 2009-09-03 06:55:39
D, [2009-09-03T23:17:34.737666 #21602] DEBUG -- : modifyDate: 2009-09-03 06:56:19
D, [2009-09-03T23:17:34.737732 #21602] DEBUG -- : deleted: false
D, [2009-09-03T23:17:34.737798 #21602] DEBUG -- : body: VMware image mit der aktuellen konfigurtion der PCs in der fh und eine Anleitung für erstis 
I, [2009-09-03T23:17:34.737895 #21602]  INFO -- : Fetching Note agtzaW1wbGUtbm90ZXIMCxIETm90ZRjFkQ0M
I, [2009-09-03T23:17:35.151690 #21602]  INFO -- : Fetched node: agtzaW1wbGUtbm90ZXIMCxIETm90ZRjFkQ0M
D, [2009-09-03T23:17:35.151773 #21602] DEBUG -- : key: agtzaW1wbGUtbm90ZXIMCxIETm90ZRjFkQ0M
D, [2009-09-03T23:17:35.151816 #21602] DEBUG -- : createDate: 2009-09-02 07:30:12
D, [2009-09-03T23:17:35.151858 #21602] DEBUG -- : modifyDate: 2009-09-02 07:34:12
D, [2009-09-03T23:17:35.151901 #21602] DEBUG -- : deleted: false
D, [2009-09-03T23:17:35.151944 #21602] DEBUG -- : body: Ruby commandline Tool für simplenote
- ls
- New note
- Own db (json?) which will synced (for offline usage)
- whats about journler?
I, [2009-09-03T23:17:35.152006 #21602]  INFO -- : Fetching Note agtzaW1wbGUtbm90ZXIMCxIETm90ZRjGkQ0M
I, [2009-09-03T23:17:35.572228 #21602]  INFO -- : Fetched node: agtzaW1wbGUtbm90ZXIMCxIETm90ZRjGkQ0M
D, [2009-09-03T23:17:35.572342 #21602] DEBUG -- : key: agtzaW1wbGUtbm90ZXIMCxIETm90ZRjGkQ0M
D, [2009-09-03T23:17:35.572412 #21602] DEBUG -- : createDate: 2009-09-02 07:30:46
D, [2009-09-03T23:17:35.572500 #21602] DEBUG -- : modifyDate: 2009-09-02 07:32:38
D, [2009-09-03T23:17:35.572566 #21602] DEBUG -- : deleted: false
D, [2009-09-03T23:17:35.572671 #21602] DEBUG -- : body: Rote Haare
Dakine Rucksack
9:35 in eschborn ausgestiegen
Von Bad Soden aus losgefahren
Hatte am 02.09. Einen Kuchen dabei (Geburtstag?)
I, [2009-09-03T23:17:35.572858 #21602]  INFO -- : Fetching Note agtzaW1wbGUtbm90ZXIMCxIETm90ZRjgkwwM
I, [2009-09-03T23:17:35.988707 #21602]  INFO -- : Fetched node: agtzaW1wbGUtbm90ZXIMCxIETm90ZRjgkwwM
D, [2009-09-03T23:17:35.988825 #21602] DEBUG -- : key: agtzaW1wbGUtbm90ZXIMCxIETm90ZRjgkwwM
D, [2009-09-03T23:17:35.988895 #21602] DEBUG -- : createDate: 2009-08-25 09:25:12.865486
D, [2009-09-03T23:17:35.988962 #21602] DEBUG -- : modifyDate: 2009-08-25 09:26:44.352497
D, [2009-09-03T23:17:35.989030 #21602] DEBUG -- : deleted: false
D, [2009-09-03T23:17:35.989289 #21602] DEBUG -- : body: Plugin Framework
Was fuer Konzepte gibt es?
Soll der Code dynamisch nachgeladen werden?
Welche Pattern gibt es? 
 - Predicate Pattern
 - Command Pattern
Tools fuers Pricing 
Alle Bonds dieses Tickers erfuellen "eigenschaft" x
Sollen Grafiken angezeigt werden?
Welche Regeln gelten fuers Pricing?
I, [2009-09-03T23:17:35.989403 #21602]  INFO -- : Fetching Note agtzaW1wbGUtbm90ZXIMCxIETm90ZRjzogwM
I, [2009-09-03T23:17:36.411053 #21602]  INFO -- : Fetched node: agtzaW1wbGUtbm90ZXIMCxIETm90ZRjzogwM
D, [2009-09-03T23:17:36.411189 #21602] DEBUG -- : key: agtzaW1wbGUtbm90ZXIMCxIETm90ZRjzogwM
D, [2009-09-03T23:17:36.411274 #21602] DEBUG -- : createDate: 2009-08-13 07:12:04
D, [2009-09-03T23:17:36.411340 #21602] DEBUG -- : modifyDate: 2009-08-13 07:14:07
D, [2009-09-03T23:17:36.411405 #21602] DEBUG -- : deleted: false
D, [2009-09-03T23:17:36.411471 #21602] DEBUG -- : body: Was wäre wenn Amerika die Atombombe nicht über Hiroshima sondern einem unbewohnten Gebiet in der Nähe abgeworfen hätte? Vielleicht mit einem kleinen PostIt:"Beim nachsten mal Zielen wir richtig!"
I, [2009-09-03T23:17:36.411588 #21602]  INFO -- : Fetching Note agtzaW1wbGUtbm90ZXIMCxIETm90ZRj--AoM
I, [2009-09-03T23:17:36.827414 #21602]  INFO -- : Fetched node: agtzaW1wbGUtbm90ZXIMCxIETm90ZRj--AoM
D, [2009-09-03T23:17:36.827559 #21602] DEBUG -- : key: agtzaW1wbGUtbm90ZXIMCxIETm90ZRj--AoM
D, [2009-09-03T23:17:36.827632 #21602] DEBUG -- : createDate: 2009-08-12 09:16:51.728307
D, [2009-09-03T23:17:36.827702 #21602] DEBUG -- : modifyDate: 2009-08-12 12:28:35.653428
D, [2009-09-03T23:17:36.827769 #21602] DEBUG -- : deleted: false
D, [2009-09-03T23:17:36.827837 #21602] DEBUG -- : body: Linq + .Net 3.0 Presentation

Was ist Hibernate
Was ist Linq?
Was ist das besondere?
Vieeeele Beispiele
Lambda
Abstraktionen zeigen
http://weblogs.asp.net/scottgu/archive/2007/05/19/using-linq-to-sql-part-1.aspx

LINQ To SQL 
LINQ -> Lmbda
I, [2009-09-03T23:17:36.827935 #21602]  INFO -- : Fetching Note agtzaW1wbGUtbm90ZXIMCxIETm90ZRj0ogwM
I, [2009-09-03T23:17:37.261899 #21602]  INFO -- : Fetched node: agtzaW1wbGUtbm90ZXIMCxIETm90ZRj0ogwM
D, [2009-09-03T23:17:37.262013 #21602] DEBUG -- : key: agtzaW1wbGUtbm90ZXIMCxIETm90ZRj0ogwM
D, [2009-09-03T23:17:37.262092 #21602] DEBUG -- : createDate: 2009-08-09 18:47:46
D, [2009-09-03T23:17:37.262135 #21602] DEBUG -- : modifyDate: 2009-08-09 18:48:23
D, [2009-09-03T23:17:37.262225 #21602] DEBUG -- : deleted: false
D, [2009-09-03T23:17:37.262276 #21602] DEBUG -- : body: Silke und Andreas Jahn
Netzestrasse 10
47239 Duisburg
I, [2009-09-03T23:17:37.262348 #21602]  INFO -- : Fetching Note agtzaW1wbGUtbm90ZXIMCxIETm90ZRigyQoM
I, [2009-09-03T23:17:37.682809 #21602]  INFO -- : Fetched node: agtzaW1wbGUtbm90ZXIMCxIETm90ZRigyQoM
D, [2009-09-03T23:17:37.683113 #21602] DEBUG -- : key: agtzaW1wbGUtbm90ZXIMCxIETm90ZRigyQoM
D, [2009-09-03T23:17:37.683266 #21602] DEBUG -- : createDate: 2009-08-06 11:25:39.646264
D, [2009-09-03T23:17:37.683403 #21602] DEBUG -- : modifyDate: 2009-08-06 11:25:50.545915
D, [2009-09-03T23:17:37.683474 #21602] DEBUG -- : deleted: false
D, [2009-09-03T23:17:37.683542 #21602] DEBUG -- : body: The Universe

\\Basement4\share\Downloads\Microsoft\OfficeTools\atm\w\History.Channel.The.Universe.Season.1.720p.BluRay.x264-HDBRiSe
I, [2009-09-03T23:17:37.683639 #21602]  INFO -- : Fetching Note agtzaW1wbGUtbm90ZXIMCxIETm90ZRiLyQoM
I, [2009-09-03T23:17:38.100786 #21602]  INFO -- : Fetched node: agtzaW1wbGUtbm90ZXIMCxIETm90ZRiLyQoM
D, [2009-09-03T23:17:38.100949 #21602] DEBUG -- : key: agtzaW1wbGUtbm90ZXIMCxIETm90ZRiLyQoM
D, [2009-09-03T23:17:38.101019 #21602] DEBUG -- : createDate: 2009-08-06 08:33:13.537267
D, [2009-09-03T23:17:38.101084 #21602] DEBUG -- : modifyDate: 2009-08-06 08:34:49.660038
D, [2009-09-03T23:17:38.101151 #21602] DEBUG -- : deleted: false
D, [2009-09-03T23:17:38.101220 #21602] DEBUG -- : body: Logging Framework
-> log4net 
-> zentral alle Logs in einer Datenbank ablegen
 - trigger fuer sonderbehandlung (email/jiraticket anlegen usw)

-> Keine verteilten Logs die eingesammelt werden muessen
-> User bekommen "nichts bis wenig" zu tun um aktiv zur Fehlerbehebung beizutragen
-> Verbindung zwischen Entwicklung und Fehlerbehebung wird noch enger

I, [2009-09-03T23:17:38.101319 #21602]  INFO -- : Fetching Note agtzaW1wbGUtbm90ZXIMCxIETm90ZRj_yAoM
I, [2009-09-03T23:17:38.532565 #21602]  INFO -- : Fetched node: agtzaW1wbGUtbm90ZXIMCxIETm90ZRj_yAoM
D, [2009-09-03T23:17:38.532802 #21602] DEBUG -- : key: agtzaW1wbGUtbm90ZXIMCxIETm90ZRj_yAoM
D, [2009-09-03T23:17:38.532878 #21602] DEBUG -- : createDate: 2009-08-06 06:48:46
D, [2009-09-03T23:17:38.532966 #21602] DEBUG -- : modifyDate: 2009-08-06 06:49:09
D, [2009-09-03T23:17:38.533033 #21602] DEBUG -- : deleted: false
D, [2009-09-03T23:17:38.533098 #21602] DEBUG -- : body: Saldomat um Geld in der menuleiste anzeigen zu lassen
I, [2009-09-03T23:17:38.533204 #21602]  INFO -- : Fetching Note agtzaW1wbGUtbm90ZXIMCxIETm90ZRj6nQoM
I, [2009-09-03T23:17:38.972564 #21602]  INFO -- : Fetched node: agtzaW1wbGUtbm90ZXIMCxIETm90ZRj6nQoM
D, [2009-09-03T23:17:38.972662 #21602] DEBUG -- : key: agtzaW1wbGUtbm90ZXIMCxIETm90ZRj6nQoM
D, [2009-09-03T23:17:38.972715 #21602] DEBUG -- : createDate: 2009-08-04 08:11:15.454662
D, [2009-09-03T23:17:38.972766 #21602] DEBUG -- : modifyDate: 2009-08-04 08:11:26.150506
D, [2009-09-03T23:17:38.972817 #21602] DEBUG -- : deleted: false
D, [2009-09-03T23:17:38.972868 #21602] DEBUG -- : body: Mal meine Skills notieren :D

http://www.indiangeek.net/programmer-competency-matrix/
I, [2009-09-03T23:17:38.972947 #21602]  INFO -- : Fetching Note agtzaW1wbGUtbm90ZXIMCxIETm90ZRixqQoM
I, [2009-09-03T23:17:39.392989 #21602]  INFO -- : Fetched node: agtzaW1wbGUtbm90ZXIMCxIETm90ZRixqQoM
D, [2009-09-03T23:17:39.393728 #21602] DEBUG -- : key: agtzaW1wbGUtbm90ZXIMCxIETm90ZRixqQoM
D, [2009-09-03T23:17:39.393891 #21602] DEBUG -- : createDate: 2009-08-03 08:10:11
D, [2009-09-03T23:17:39.394010 #21602] DEBUG -- : modifyDate: 2009-08-03 08:10:27
D, [2009-09-03T23:17:39.394127 #21602] DEBUG -- : deleted: false
D, [2009-09-03T23:17:39.394241 #21602] DEBUG -- : body: Versionierung
- rcs
I, [2009-09-03T23:17:39.394408 #21602]  INFO -- : Fetching Note agtzaW1wbGUtbm90ZXIMCxIETm90ZRiWkwoM
I, [2009-09-03T23:17:39.810302 #21602]  INFO -- : Fetched node: agtzaW1wbGUtbm90ZXIMCxIETm90ZRiWkwoM
D, [2009-09-03T23:17:39.810465 #21602] DEBUG -- : key: agtzaW1wbGUtbm90ZXIMCxIETm90ZRiWkwoM
D, [2009-09-03T23:17:39.810557 #21602] DEBUG -- : createDate: 2009-08-01 14:35:28
D, [2009-09-03T23:17:39.810645 #21602] DEBUG -- : modifyDate: 2009-08-01 14:35:57
D, [2009-09-03T23:17:39.810730 #21602] DEBUG -- : deleted: false
D, [2009-09-03T23:17:39.810796 #21602] DEBUG -- : body: Kupferkeller der Stasi in Lichtenberg
I, [2009-09-03T23:17:39.810910 #21602]  INFO -- : Fetching Note agtzaW1wbGUtbm90ZXIMCxIETm90ZRi4jwoM
I, [2009-09-03T23:17:40.228291 #21602]  INFO -- : Fetched node: agtzaW1wbGUtbm90ZXIMCxIETm90ZRi4jwoM
D, [2009-09-03T23:17:40.228404 #21602] DEBUG -- : key: agtzaW1wbGUtbm90ZXIMCxIETm90ZRi4jwoM
D, [2009-09-03T23:17:40.228471 #21602] DEBUG -- : createDate: 2009-07-31 14:55:00
D, [2009-09-03T23:17:40.228536 #21602] DEBUG -- : modifyDate: 2009-07-31 14:56:55
D, [2009-09-03T23:17:40.228602 #21602] DEBUG -- : deleted: false
D, [2009-09-03T23:17:40.228686 #21602] DEBUG -- : body: Qype
- Rezension für "Annas"
Super leckerer Apfelstrudel und Eiscafe

I, [2009-09-03T23:17:40.228803 #21602]  INFO -- : Fetching Note agtzaW1wbGUtbm90ZXIMCxIETm90ZRi5jwoM
I, [2009-09-03T23:17:40.652583 #21602]  INFO -- : Fetched node: agtzaW1wbGUtbm90ZXIMCxIETm90ZRi5jwoM
D, [2009-09-03T23:17:40.652668 #21602] DEBUG -- : key: agtzaW1wbGUtbm90ZXIMCxIETm90ZRi5jwoM
D, [2009-09-03T23:17:40.652713 #21602] DEBUG -- : createDate: 2009-07-31 12:07:06
D, [2009-09-03T23:17:40.652754 #21602] DEBUG -- : modifyDate: 2009-07-31 14:51:07
D, [2009-09-03T23:17:40.652796 #21602] DEBUG -- : deleted: false
D, [2009-09-03T23:17:40.652839 #21602] DEBUG -- : body: Geschenkidee
- mammutbaumsetzling für Heide
- Sophie wandelröschen 
I, [2009-09-03T23:17:40.652903 #21602]  INFO -- : Fetching Note agtzaW1wbGUtbm90ZXIMCxIETm90ZRiXkwoM
I, [2009-09-03T23:17:41.076800 #21602]  INFO -- : Fetched node: agtzaW1wbGUtbm90ZXIMCxIETm90ZRiXkwoM
D, [2009-09-03T23:17:41.076924 #21602] DEBUG -- : key: agtzaW1wbGUtbm90ZXIMCxIETm90ZRiXkwoM
D, [2009-09-03T23:17:41.076968 #21602] DEBUG -- : createDate: 2009-07-31 08:12:15
D, [2009-09-03T23:17:41.077010 #21602] DEBUG -- : modifyDate: 2009-07-31 12:07:03
D, [2009-09-03T23:17:41.077052 #21602] DEBUG -- : deleted: false
D, [2009-09-03T23:17:41.077094 #21602] DEBUG -- : body: Musik
- lenka
- Phoenix 
I, [2009-09-03T23:17:41.077199 #21602]  INFO -- : Fetching Note agtzaW1wbGUtbm90ZXIMCxIETm90ZRj6gQoM
I, [2009-09-03T23:17:41.503917 #21602]  INFO -- : Fetched node: agtzaW1wbGUtbm90ZXIMCxIETm90ZRj6gQoM
D, [2009-09-03T23:17:41.504031 #21602] DEBUG -- : key: agtzaW1wbGUtbm90ZXIMCxIETm90ZRj6gQoM
D, [2009-09-03T23:17:41.504120 #21602] DEBUG -- : createDate: 2009-07-30 13:17:25.811273
D, [2009-09-03T23:17:41.504289 #21602] DEBUG -- : modifyDate: 2009-07-30 13:18:36.066193
D, [2009-09-03T23:17:41.504356 #21602] DEBUG -- : deleted: false
D, [2009-09-03T23:17:41.504421 #21602] DEBUG -- : body: Logging Framework
-> log4net

Welche Loggingarten sollen unterstuetzt werden?  (realtime, net, udp, file, sql?)


I, [2009-09-03T23:17:41.504547 #21602]  INFO -- : Fetching Note agtzaW1wbGUtbm90ZXIMCxIETm90ZRjf9AkM
I, [2009-09-03T23:17:41.936486 #21602]  INFO -- : Fetched node: agtzaW1wbGUtbm90ZXIMCxIETm90ZRjf9AkM
D, [2009-09-03T23:17:41.936601 #21602] DEBUG -- : key: agtzaW1wbGUtbm90ZXIMCxIETm90ZRjf9AkM
D, [2009-09-03T23:17:41.936668 #21602] DEBUG -- : createDate: 2009-07-30 06:14:51
D, [2009-09-03T23:17:41.936734 #21602] DEBUG -- : modifyDate: 2009-07-30 06:17:30
D, [2009-09-03T23:17:41.936799 #21602] DEBUG -- : deleted: false
D, [2009-09-03T23:17:41.936865 #21602] DEBUG -- : body: 64 Bit
-Parameter nicht mehr extra über den Stack übergeben
-Mapping läuft jetzt auch anders (alles wird in einen großen 64Bit Raum gemappt)
I, [2009-09-03T23:17:41.936964 #21602]  INFO -- : Fetching Note agtzaW1wbGUtbm90ZXIMCxIETm90ZRi-8QkM
I, [2009-09-03T23:17:42.356684 #21602]  INFO -- : Fetched node: agtzaW1wbGUtbm90ZXIMCxIETm90ZRi-8QkM
D, [2009-09-03T23:17:42.356843 #21602] DEBUG -- : key: agtzaW1wbGUtbm90ZXIMCxIETm90ZRi-8QkM
D, [2009-09-03T23:17:42.357287 #21602] DEBUG -- : createDate: 2009-07-29 14:46:24.766154
D, [2009-09-03T23:17:42.357359 #21602] DEBUG -- : modifyDate: 2009-07-29 15:32:48
D, [2009-09-03T23:17:42.357426 #21602] DEBUG -- : deleted: false
D, [2009-09-03T23:17:42.357494 #21602] DEBUG -- : body: Gedanken zum digitalen Gütermarkt 

- kein gebrauchtmarkt
- ist nur miete, kostet aber genauso viel
- remoteloeschen (-> amazon)

- beschissene kanaele man hat praktisch keine lust den content-erzeugern geld zu geben. bzw. will es, kann es aber nicht
I, [2009-09-03T23:17:42.357716 #21602]  INFO -- : Fetching Note agtzaW1wbGUtbm90ZXIMCxIETm90ZRjM6QkM
I, [2009-09-03T23:17:42.864745 #21602]  INFO -- : Fetched node: agtzaW1wbGUtbm90ZXIMCxIETm90ZRjM6QkM
D, [2009-09-03T23:17:42.864900 #21602] DEBUG -- : key: agtzaW1wbGUtbm90ZXIMCxIETm90ZRjM6QkM
D, [2009-09-03T23:17:42.864988 #21602] DEBUG -- : createDate: 2009-07-29 14:46:48.525173
D, [2009-09-03T23:17:42.865054 #21602] DEBUG -- : modifyDate: 2009-07-29 14:47:10.749100
D, [2009-09-03T23:17:42.865118 #21602] DEBUG -- : deleted: false
D, [2009-09-03T23:17:42.865183 #21602] DEBUG -- : body: Simplenote OSX
- shortcut
- interface as simple as webapp
I, [2009-09-03T23:17:42.865300 #21602]  INFO -- : Fetching Note agtzaW1wbGUtbm90ZXIMCxIETm90ZRjj8AkM
I, [2009-09-03T23:17:43.313148 #21602]  INFO -- : Fetched node: agtzaW1wbGUtbm90ZXIMCxIETm90ZRjj8AkM
D, [2009-09-03T23:17:43.313277 #21602] DEBUG -- : key: agtzaW1wbGUtbm90ZXIMCxIETm90ZRjj8AkM
D, [2009-09-03T23:17:43.313356 #21602] DEBUG -- : createDate: 2009-07-29 10:26:19.467197
D, [2009-09-03T23:17:43.313433 #21602] DEBUG -- : modifyDate: 2009-07-29 10:27:25.516979
D, [2009-09-03T23:17:43.313509 #21602] DEBUG -- : deleted: false
D, [2009-09-03T23:17:43.313586 #21602] DEBUG -- : body: Ideen fuer Rachels.de

- beitraege aehnlich wie bei squidoo erstellen
- rss aggregator um beitraege von squidoo, ebay und co zu integrieren
I, [2009-09-03T23:17:43.313699 #21602]  INFO -- : Fetching Note agtzaW1wbGUtbm90ZXIMCxIETm90ZRiwwwgM
I, [2009-09-03T23:17:43.735011 #21602]  INFO -- : Fetched node: agtzaW1wbGUtbm90ZXIMCxIETm90ZRiwwwgM
D, [2009-09-03T23:17:43.735153 #21602] DEBUG -- : key: agtzaW1wbGUtbm90ZXIMCxIETm90ZRiwwwgM
D, [2009-09-03T23:17:43.735223 #21602] DEBUG -- : createDate: 2009-07-17 05:43:40
D, [2009-09-03T23:17:43.735370 #21602] DEBUG -- : modifyDate: 2009-07-22 15:28:18
D, [2009-09-03T23:17:43.735441 #21602] DEBUG -- : deleted: false
D, [2009-09-03T23:17:43.735551 #21602] DEBUG -- : body: Nichtapproximierbarkeit und in diesem Zusammenhang Max Knapsack


Ab wann ist ein algorithmus approximierbar?
Und ab wann nicht?

Christophides für tsp und die nichtapproximierbarkeit anhand eines Beispiels erklären


I, [2009-09-03T23:17:43.735673 #21602]  INFO -- : Fetching Note agtzaW1wbGUtbm90ZXIMCxIETm90ZRijzggM
I, [2009-09-03T23:17:44.161706 #21602]  INFO -- : Fetched node: agtzaW1wbGUtbm90ZXIMCxIETm90ZRijzggM
D, [2009-09-03T23:17:44.161841 #21602] DEBUG -- : key: agtzaW1wbGUtbm90ZXIMCxIETm90ZRijzggM
D, [2009-09-03T23:17:44.161928 #21602] DEBUG -- : createDate: 2009-07-17 11:13:43
D, [2009-09-03T23:17:44.162043 #21602] DEBUG -- : modifyDate: 2009-07-17 11:20:01
D, [2009-09-03T23:17:44.162116 #21602] DEBUG -- : deleted: false
D, [2009-09-03T23:17:44.162285 #21602] DEBUG -- : body: Präsentationsnotizen

- kurze vorstellung
- realbeispiel nennen (evtl auch 2)
- nährungsalgorithmen vorstellen und die unterschiede zu Heuristiken erwähnen ( viel Erfahrung, empirische Auswertung)
- appprixamtionsklassen vorstellen 
 - apx  
- evtl. TSP oder MJS vorstellen
- schönen Schluss 
I, [2009-09-03T23:17:58.145911 #21610]  INFO -- : Fetching token for robert.bahmann@gmail.com
I, [2009-09-03T23:17:58.724480 #21610]  INFO -- : Fetched token: D5F236296D4D621A83307C9A23C62DBD9899E3D9F87CA91F8618F37F8938AF4C
I, [2009-09-03T23:17:58.724598 #21610]  INFO -- : Fetching Note agtzaW1wbGUtbm90ZXIMCxIETm90ZRi6nA0M
I, [2009-09-03T23:17:59.151037 #21610]  INFO -- : Fetched node: agtzaW1wbGUtbm90ZXIMCxIETm90ZRi6nA0M
D, [2009-09-03T23:17:59.151160 #21610] DEBUG -- : key: agtzaW1wbGUtbm90ZXIMCxIETm90ZRi6nA0M
D, [2009-09-03T23:17:59.151241 #21610] DEBUG -- : createDate: 2009-09-03 19:08:42
D, [2009-09-03T23:17:59.151286 #21610] DEBUG -- : modifyDate: 2009-09-03 19:08:53
D, [2009-09-03T23:17:59.151330 #21610] DEBUG -- : deleted: false
D, [2009-09-03T23:17:59.151374 #21610] DEBUG -- : body: Lorem
I, [2009-09-03T23:17:59.151756 #21610]  INFO -- : Fetching index
I, [2009-09-03T23:17:59.554644 #21610]  INFO -- : Fetching Note agtzaW1wbGUtbm90ZXIMCxIETm90ZRi6nA0M
I, [2009-09-03T23:17:59.968302 #21610]  INFO -- : Fetched node: agtzaW1wbGUtbm90ZXIMCxIETm90ZRi6nA0M
D, [2009-09-03T23:17:59.968484 #21610] DEBUG -- : key: agtzaW1wbGUtbm90ZXIMCxIETm90ZRi6nA0M
D, [2009-09-03T23:17:59.968562 #21610] DEBUG -- : createDate: 2009-09-03 19:08:42
D, [2009-09-03T23:17:59.968629 #21610] DEBUG -- : modifyDate: 2009-09-03 19:08:53
D, [2009-09-03T23:17:59.968695 #21610] DEBUG -- : deleted: false
D, [2009-09-03T23:17:59.968759 #21610] DEBUG -- : body: Lorem
I, [2009-09-03T23:18:19.806304 #21622]  INFO -- : Fetching token for robert.bahmann@gmail.com
I, [2009-09-03T23:18:20.396833 #21622]  INFO -- : Fetched token: 91E2C1FC9D356404320C3D58FC072C9FAC021AA19B305FE566C5E44AB349CC41
I, [2009-09-03T23:18:20.396973 #21622]  INFO -- : Fetching Note agtzaW1wbGUtbm90ZXIMCxIETm90ZRi6nA0M
I, [2009-09-03T23:18:20.823955 #21622]  INFO -- : Fetched node: agtzaW1wbGUtbm90ZXIMCxIETm90ZRi6nA0M
D, [2009-09-03T23:18:20.824106 #21622] DEBUG -- : key: agtzaW1wbGUtbm90ZXIMCxIETm90ZRi6nA0M
D, [2009-09-03T23:18:20.824214 #21622] DEBUG -- : createDate: 2009-09-03 19:08:42
D, [2009-09-03T23:18:20.824383 #21622] DEBUG -- : modifyDate: 2009-09-03 19:08:53
D, [2009-09-03T23:18:20.824461 #21622] DEBUG -- : deleted: false
D, [2009-09-03T23:18:20.824529 #21622] DEBUG -- : body: Lorem
I, [2009-09-03T23:18:20.824593 #21622]  INFO -- : Fetching index
I, [2009-09-03T23:18:21.245454 #21622]  INFO -- : Fetching Note agtzaW1wbGUtbm90ZXIMCxIETm90ZRi6nA0M
I, [2009-09-03T23:18:21.700872 #21622]  INFO -- : Fetched node: agtzaW1wbGUtbm90ZXIMCxIETm90ZRi6nA0M
D, [2009-09-03T23:18:21.701180 #21622] DEBUG -- : key: agtzaW1wbGUtbm90ZXIMCxIETm90ZRi6nA0M
D, [2009-09-03T23:18:21.701329 #21622] DEBUG -- : createDate: 2009-09-03 19:08:42
D, [2009-09-03T23:18:21.701409 #21622] DEBUG -- : modifyDate: 2009-09-03 19:08:53
D, [2009-09-03T23:18:21.701487 #21622] DEBUG -- : deleted: false
D, [2009-09-03T23:18:21.701565 #21622] DEBUG -- : body: Lorem
I, [2009-09-03T23:18:21.701707 #21622]  INFO -- : Fetching Note agtzaW1wbGUtbm90ZXIMCxIETm90ZRjHkQ0M
I, [2009-09-03T23:18:22.125068 #21622]  INFO -- : Fetched node: agtzaW1wbGUtbm90ZXIMCxIETm90ZRjHkQ0M
D, [2009-09-03T23:18:22.125153 #21622] DEBUG -- : key: agtzaW1wbGUtbm90ZXIMCxIETm90ZRjHkQ0M
D, [2009-09-03T23:18:22.125196 #21622] DEBUG -- : createDate: 2009-09-03 06:55:39
D, [2009-09-03T23:18:22.125239 #21622] DEBUG -- : modifyDate: 2009-09-03 06:56:19
D, [2009-09-03T23:18:22.125282 #21622] DEBUG -- : deleted: false
D, [2009-09-03T23:18:22.125327 #21622] DEBUG -- : body: VMware image mit der aktuellen konfigurtion der PCs in der fh und eine Anleitung für erstis 
I, [2009-09-03T23:18:22.125409 #21622]  INFO -- : Fetching Note agtzaW1wbGUtbm90ZXIMCxIETm90ZRjFkQ0M
I, [2009-09-03T23:18:22.551319 #21622]  INFO -- : Fetched node: agtzaW1wbGUtbm90ZXIMCxIETm90ZRjFkQ0M
D, [2009-09-03T23:18:22.551433 #21622] DEBUG -- : key: agtzaW1wbGUtbm90ZXIMCxIETm90ZRjFkQ0M
D, [2009-09-03T23:18:22.551544 #21622] DEBUG -- : createDate: 2009-09-02 07:30:12
D, [2009-09-03T23:18:22.551613 #21622] DEBUG -- : modifyDate: 2009-09-02 07:34:12
D, [2009-09-03T23:18:22.551681 #21622] DEBUG -- : deleted: false
D, [2009-09-03T23:18:22.551747 #21622] DEBUG -- : body: Ruby commandline Tool für simplenote
- ls
- New note
- Own db (json?) which will synced (for offline usage)
- whats about journler?
I, [2009-09-03T23:18:22.551873 #21622]  INFO -- : Fetching Note agtzaW1wbGUtbm90ZXIMCxIETm90ZRjGkQ0M
I, [2009-09-03T23:18:22.972283 #21622]  INFO -- : Fetched node: agtzaW1wbGUtbm90ZXIMCxIETm90ZRjGkQ0M
D, [2009-09-03T23:18:22.972398 #21622] DEBUG -- : key: agtzaW1wbGUtbm90ZXIMCxIETm90ZRjGkQ0M
D, [2009-09-03T23:18:22.972513 #21622] DEBUG -- : createDate: 2009-09-02 07:30:46
D, [2009-09-03T23:18:22.972580 #21622] DEBUG -- : modifyDate: 2009-09-02 07:32:38
D, [2009-09-03T23:18:22.972646 #21622] DEBUG -- : deleted: false
D, [2009-09-03T23:18:22.972719 #21622] DEBUG -- : body: Rote Haare
Dakine Rucksack
9:35 in eschborn ausgestiegen
Von Bad Soden aus losgefahren
Hatte am 02.09. Einen Kuchen dabei (Geburtstag?)
I, [2009-09-03T23:18:22.972845 #21622]  INFO -- : Fetching Note agtzaW1wbGUtbm90ZXIMCxIETm90ZRjgkwwM
I, [2009-09-03T23:18:23.415997 #21622]  INFO -- : Fetched node: agtzaW1wbGUtbm90ZXIMCxIETm90ZRjgkwwM
D, [2009-09-03T23:18:23.416123 #21622] DEBUG -- : key: agtzaW1wbGUtbm90ZXIMCxIETm90ZRjgkwwM
D, [2009-09-03T23:18:23.416193 #21622] DEBUG -- : createDate: 2009-08-25 09:25:12.865486
D, [2009-09-03T23:18:23.416260 #21622] DEBUG -- : modifyDate: 2009-08-25 09:26:44.352497
D, [2009-09-03T23:18:23.416326 #21622] DEBUG -- : deleted: false
D, [2009-09-03T23:18:23.416395 #21622] DEBUG -- : body: Plugin Framework
Was fuer Konzepte gibt es?
Soll der Code dynamisch nachgeladen werden?
Welche Pattern gibt es? 
 - Predicate Pattern
 - Command Pattern
Tools fuers Pricing 
Alle Bonds dieses Tickers erfuellen "eigenschaft" x
Sollen Grafiken angezeigt werden?
Welche Regeln gelten fuers Pricing?
I, [2009-09-03T23:18:23.416553 #21622]  INFO -- : Fetching Note agtzaW1wbGUtbm90ZXIMCxIETm90ZRjzogwM
I, [2009-09-03T23:18:23.856856 #21622]  INFO -- : Fetched node: agtzaW1wbGUtbm90ZXIMCxIETm90ZRjzogwM
D, [2009-09-03T23:18:23.856961 #21622] DEBUG -- : key: agtzaW1wbGUtbm90ZXIMCxIETm90ZRjzogwM
D, [2009-09-03T23:18:23.857021 #21622] DEBUG -- : createDate: 2009-08-13 07:12:04
D, [2009-09-03T23:18:23.857078 #21622] DEBUG -- : modifyDate: 2009-08-13 07:14:07
D, [2009-09-03T23:18:23.857135 #21622] DEBUG -- : deleted: false
D, [2009-09-03T23:18:23.857194 #21622] DEBUG -- : body: Was wäre wenn Amerika die Atombombe nicht über Hiroshima sondern einem unbewohnten Gebiet in der Nähe abgeworfen hätte? Vielleicht mit einem kleinen PostIt:"Beim nachsten mal Zielen wir richtig!"
I, [2009-09-03T23:18:23.857454 #21622]  INFO -- : Fetching Note agtzaW1wbGUtbm90ZXIMCxIETm90ZRj--AoM
I, [2009-09-03T23:18:24.283349 #21622]  INFO -- : Fetched node: agtzaW1wbGUtbm90ZXIMCxIETm90ZRj--AoM
D, [2009-09-03T23:18:24.283464 #21622] DEBUG -- : key: agtzaW1wbGUtbm90ZXIMCxIETm90ZRj--AoM
D, [2009-09-03T23:18:24.283532 #21622] DEBUG -- : createDate: 2009-08-12 09:16:51.728307
D, [2009-09-03T23:18:24.283597 #21622] DEBUG -- : modifyDate: 2009-08-12 12:28:35.653428
D, [2009-09-03T23:18:24.283664 #21622] DEBUG -- : deleted: false
D, [2009-09-03T23:18:24.283730 #21622] DEBUG -- : body: Linq + .Net 3.0 Presentation

Was ist Hibernate
Was ist Linq?
Was ist das besondere?
Vieeeele Beispiele
Lambda
Abstraktionen zeigen
http://weblogs.asp.net/scottgu/archive/2007/05/19/using-linq-to-sql-part-1.aspx

LINQ To SQL 
LINQ -> Lmbda
I, [2009-09-03T23:18:24.283895 #21622]  INFO -- : Fetching Note agtzaW1wbGUtbm90ZXIMCxIETm90ZRj0ogwM
I, [2009-09-03T23:18:24.729327 #21622]  INFO -- : Fetched node: agtzaW1wbGUtbm90ZXIMCxIETm90ZRj0ogwM
D, [2009-09-03T23:18:24.729456 #21622] DEBUG -- : key: agtzaW1wbGUtbm90ZXIMCxIETm90ZRj0ogwM
D, [2009-09-03T23:18:24.729579 #21622] DEBUG -- : createDate: 2009-08-09 18:47:46
D, [2009-09-03T23:18:24.729648 #21622] DEBUG -- : modifyDate: 2009-08-09 18:48:23
D, [2009-09-03T23:18:24.729715 #21622] DEBUG -- : deleted: false
D, [2009-09-03T23:18:24.729782 #21622] DEBUG -- : body: Silke und Andreas Jahn
Netzestrasse 10
47239 Duisburg
I, [2009-09-03T23:18:24.729954 #21622]  INFO -- : Fetching Note agtzaW1wbGUtbm90ZXIMCxIETm90ZRigyQoM
I, [2009-09-03T23:18:25.164831 #21622]  INFO -- : Fetched node: agtzaW1wbGUtbm90ZXIMCxIETm90ZRigyQoM
D, [2009-09-03T23:18:25.164916 #21622] DEBUG -- : key: agtzaW1wbGUtbm90ZXIMCxIETm90ZRigyQoM
D, [2009-09-03T23:18:25.164980 #21622] DEBUG -- : createDate: 2009-08-06 11:25:39.646264
D, [2009-09-03T23:18:25.165046 #21622] DEBUG -- : modifyDate: 2009-08-06 11:25:50.545915
D, [2009-09-03T23:18:25.165095 #21622] DEBUG -- : deleted: false
D, [2009-09-03T23:18:25.165175 #21622] DEBUG -- : body: The Universe

\\Basement4\share\Downloads\Microsoft\OfficeTools\atm\w\History.Channel.The.Universe.Season.1.720p.BluRay.x264-HDBRiSe
I, [2009-09-03T23:18:25.165260 #21622]  INFO -- : Fetching Note agtzaW1wbGUtbm90ZXIMCxIETm90ZRiLyQoM
I, [2009-09-03T23:18:25.604001 #21622]  INFO -- : Fetched node: agtzaW1wbGUtbm90ZXIMCxIETm90ZRiLyQoM
D, [2009-09-03T23:18:25.604181 #21622] DEBUG -- : key: agtzaW1wbGUtbm90ZXIMCxIETm90ZRiLyQoM
D, [2009-09-03T23:18:25.604363 #21622] DEBUG -- : createDate: 2009-08-06 08:33:13.537267
D, [2009-09-03T23:18:25.604560 #21622] DEBUG -- : modifyDate: 2009-08-06 08:34:49.660038
D, [2009-09-03T23:18:25.604611 #21622] DEBUG -- : deleted: false
D, [2009-09-03T23:18:25.604656 #21622] DEBUG -- : body: Logging Framework
-> log4net 
-> zentral alle Logs in einer Datenbank ablegen
 - trigger fuer sonderbehandlung (email/jiraticket anlegen usw)

-> Keine verteilten Logs die eingesammelt werden muessen
-> User bekommen "nichts bis wenig" zu tun um aktiv zur Fehlerbehebung beizutragen
-> Verbindung zwischen Entwicklung und Fehlerbehebung wird noch enger

I, [2009-09-03T23:18:25.604738 #21622]  INFO -- : Fetching Note agtzaW1wbGUtbm90ZXIMCxIETm90ZRj_yAoM
I, [2009-09-03T23:18:26.030343 #21622]  INFO -- : Fetched node: agtzaW1wbGUtbm90ZXIMCxIETm90ZRj_yAoM
D, [2009-09-03T23:18:26.030521 #21622] DEBUG -- : key: agtzaW1wbGUtbm90ZXIMCxIETm90ZRj_yAoM
D, [2009-09-03T23:18:26.030649 #21622] DEBUG -- : createDate: 2009-08-06 06:48:46
D, [2009-09-03T23:18:26.030727 #21622] DEBUG -- : modifyDate: 2009-08-06 06:49:09
D, [2009-09-03T23:18:26.030804 #21622] DEBUG -- : deleted: false
D, [2009-09-03T23:18:26.030879 #21622] DEBUG -- : body: Saldomat um Geld in der menuleiste anzeigen zu lassen
I, [2009-09-03T23:18:26.031045 #21622]  INFO -- : Fetching Note agtzaW1wbGUtbm90ZXIMCxIETm90ZRj6nQoM
I, [2009-09-03T23:18:26.447324 #21622]  INFO -- : Fetched node: agtzaW1wbGUtbm90ZXIMCxIETm90ZRj6nQoM
D, [2009-09-03T23:18:26.447476 #21622] DEBUG -- : key: agtzaW1wbGUtbm90ZXIMCxIETm90ZRj6nQoM
D, [2009-09-03T23:18:26.447545 #21622] DEBUG -- : createDate: 2009-08-04 08:11:15.454662
D, [2009-09-03T23:18:26.447610 #21622] DEBUG -- : modifyDate: 2009-08-04 08:11:26.150506
D, [2009-09-03T23:18:26.447676 #21622] DEBUG -- : deleted: false
D, [2009-09-03T23:18:26.447742 #21622] DEBUG -- : body: Mal meine Skills notieren :D

http://www.indiangeek.net/programmer-competency-matrix/
I, [2009-09-03T23:18:26.447868 #21622]  INFO -- : Fetching Note agtzaW1wbGUtbm90ZXIMCxIETm90ZRixqQoM
I, [2009-09-03T23:18:26.878753 #21622]  INFO -- : Fetched node: agtzaW1wbGUtbm90ZXIMCxIETm90ZRixqQoM
D, [2009-09-03T23:18:26.878877 #21622] DEBUG -- : key: agtzaW1wbGUtbm90ZXIMCxIETm90ZRixqQoM
D, [2009-09-03T23:18:26.878944 #21622] DEBUG -- : createDate: 2009-08-03 08:10:11
D, [2009-09-03T23:18:26.879008 #21622] DEBUG -- : modifyDate: 2009-08-03 08:10:27
D, [2009-09-03T23:18:26.879074 #21622] DEBUG -- : deleted: false
D, [2009-09-03T23:18:26.879138 #21622] DEBUG -- : body: Versionierung
- rcs
I, [2009-09-03T23:18:26.879284 #21622]  INFO -- : Fetching Note agtzaW1wbGUtbm90ZXIMCxIETm90ZRiWkwoM
I, [2009-09-03T23:18:27.307663 #21622]  INFO -- : Fetched node: agtzaW1wbGUtbm90ZXIMCxIETm90ZRiWkwoM
D, [2009-09-03T23:18:27.307765 #21622] DEBUG -- : key: agtzaW1wbGUtbm90ZXIMCxIETm90ZRiWkwoM
D, [2009-09-03T23:18:27.307809 #21622] DEBUG -- : createDate: 2009-08-01 14:35:28
D, [2009-09-03T23:18:27.307869 #21622] DEBUG -- : modifyDate: 2009-08-01 14:35:57
D, [2009-09-03T23:18:27.307928 #21622] DEBUG -- : deleted: false
D, [2009-09-03T23:18:27.307990 #21622] DEBUG -- : body: Kupferkeller der Stasi in Lichtenberg
I, [2009-09-03T23:18:27.308082 #21622]  INFO -- : Fetching Note agtzaW1wbGUtbm90ZXIMCxIETm90ZRi4jwoM
I, [2009-09-03T23:18:27.760701 #21622]  INFO -- : Fetched node: agtzaW1wbGUtbm90ZXIMCxIETm90ZRi4jwoM
D, [2009-09-03T23:18:27.760816 #21622] DEBUG -- : key: agtzaW1wbGUtbm90ZXIMCxIETm90ZRi4jwoM
D, [2009-09-03T23:18:27.760917 #21622] DEBUG -- : createDate: 2009-07-31 14:55:00
D, [2009-09-03T23:18:27.760992 #21622] DEBUG -- : modifyDate: 2009-07-31 14:56:55
D, [2009-09-03T23:18:27.761573 #21622] DEBUG -- : deleted: false
D, [2009-09-03T23:18:27.761689 #21622] DEBUG -- : body: Qype
- Rezension für "Annas"
Super leckerer Apfelstrudel und Eiscafe

I, [2009-09-03T23:18:27.761977 #21622]  INFO -- : Fetching Note agtzaW1wbGUtbm90ZXIMCxIETm90ZRi5jwoM
I, [2009-09-03T23:18:28.205005 #21622]  INFO -- : Fetched node: agtzaW1wbGUtbm90ZXIMCxIETm90ZRi5jwoM
D, [2009-09-03T23:18:28.205148 #21622] DEBUG -- : key: agtzaW1wbGUtbm90ZXIMCxIETm90ZRi5jwoM
D, [2009-09-03T23:18:28.205207 #21622] DEBUG -- : createDate: 2009-07-31 12:07:06
D, [2009-09-03T23:18:28.205264 #21622] DEBUG -- : modifyDate: 2009-07-31 14:51:07
D, [2009-09-03T23:18:28.205322 #21622] DEBUG -- : deleted: false
D, [2009-09-03T23:18:28.205380 #21622] DEBUG -- : body: Geschenkidee
- mammutbaumsetzling für Heide
- Sophie wandelröschen 
I, [2009-09-03T23:18:28.205491 #21622]  INFO -- : Fetching Note agtzaW1wbGUtbm90ZXIMCxIETm90ZRiXkwoM
I, [2009-09-03T23:18:28.657183 #21622]  INFO -- : Fetched node: agtzaW1wbGUtbm90ZXIMCxIETm90ZRiXkwoM
D, [2009-09-03T23:18:28.657296 #21622] DEBUG -- : key: agtzaW1wbGUtbm90ZXIMCxIETm90ZRiXkwoM
D, [2009-09-03T23:18:28.657411 #21622] DEBUG -- : createDate: 2009-07-31 08:12:15
D, [2009-09-03T23:18:28.657482 #21622] DEBUG -- : modifyDate: 2009-07-31 12:07:03
D, [2009-09-03T23:18:28.657605 #21622] DEBUG -- : deleted: false
D, [2009-09-03T23:18:28.657675 #21622] DEBUG -- : body: Musik
- lenka
- Phoenix 
I, [2009-09-03T23:18:28.657804 #21622]  INFO -- : Fetching Note agtzaW1wbGUtbm90ZXIMCxIETm90ZRj6gQoM
I, [2009-09-03T23:18:29.094683 #21622]  INFO -- : Fetched node: agtzaW1wbGUtbm90ZXIMCxIETm90ZRj6gQoM
D, [2009-09-03T23:18:29.094766 #21622] DEBUG -- : key: agtzaW1wbGUtbm90ZXIMCxIETm90ZRj6gQoM
D, [2009-09-03T23:18:29.094809 #21622] DEBUG -- : createDate: 2009-07-30 13:17:25.811273
D, [2009-09-03T23:18:29.094850 #21622] DEBUG -- : modifyDate: 2009-07-30 13:18:36.066193
D, [2009-09-03T23:18:29.094892 #21622] DEBUG -- : deleted: false
D, [2009-09-03T23:18:29.094934 #21622] DEBUG -- : body: Logging Framework
-> log4net

Welche Loggingarten sollen unterstuetzt werden?  (realtime, net, udp, file, sql?)


I, [2009-09-03T23:18:29.095013 #21622]  INFO -- : Fetching Note agtzaW1wbGUtbm90ZXIMCxIETm90ZRjf9AkM
I, [2009-09-03T23:18:29.540203 #21622]  INFO -- : Fetched node: agtzaW1wbGUtbm90ZXIMCxIETm90ZRjf9AkM
D, [2009-09-03T23:18:29.540287 #21622] DEBUG -- : key: agtzaW1wbGUtbm90ZXIMCxIETm90ZRjf9AkM
D, [2009-09-03T23:18:29.540332 #21622] DEBUG -- : createDate: 2009-07-30 06:14:51
D, [2009-09-03T23:18:29.540373 #21622] DEBUG -- : modifyDate: 2009-07-30 06:17:30
D, [2009-09-03T23:18:29.540416 #21622] DEBUG -- : deleted: false
D, [2009-09-03T23:18:29.540458 #21622] DEBUG -- : body: 64 Bit
-Parameter nicht mehr extra über den Stack übergeben
-Mapping läuft jetzt auch anders (alles wird in einen großen 64Bit Raum gemappt)
I, [2009-09-03T23:18:29.540541 #21622]  INFO -- : Fetching Note agtzaW1wbGUtbm90ZXIMCxIETm90ZRi-8QkM
I, [2009-09-03T23:18:29.976314 #21622]  INFO -- : Fetched node: agtzaW1wbGUtbm90ZXIMCxIETm90ZRi-8QkM
D, [2009-09-03T23:18:29.976457 #21622] DEBUG -- : key: agtzaW1wbGUtbm90ZXIMCxIETm90ZRi-8QkM
D, [2009-09-03T23:18:29.976552 #21622] DEBUG -- : createDate: 2009-07-29 14:46:24.766154
D, [2009-09-03T23:18:29.976618 #21622] DEBUG -- : modifyDate: 2009-07-29 15:32:48
D, [2009-09-03T23:18:29.976683 #21622] DEBUG -- : deleted: false
D, [2009-09-03T23:18:29.976763 #21622] DEBUG -- : body: Gedanken zum digitalen Gütermarkt 

- kein gebrauchtmarkt
- ist nur miete, kostet aber genauso viel
- remoteloeschen (-> amazon)

- beschissene kanaele man hat praktisch keine lust den content-erzeugern geld zu geben. bzw. will es, kann es aber nicht
I, [2009-09-03T23:18:29.976891 #21622]  INFO -- : Fetching Note agtzaW1wbGUtbm90ZXIMCxIETm90ZRjM6QkM
I, [2009-09-03T23:18:30.414437 #21622]  INFO -- : Fetched node: agtzaW1wbGUtbm90ZXIMCxIETm90ZRjM6QkM
D, [2009-09-03T23:18:30.414563 #21622] DEBUG -- : key: agtzaW1wbGUtbm90ZXIMCxIETm90ZRjM6QkM
D, [2009-09-03T23:18:30.414633 #21622] DEBUG -- : createDate: 2009-07-29 14:46:48.525173
D, [2009-09-03T23:18:30.414819 #21622] DEBUG -- : modifyDate: 2009-07-29 14:47:10.749100
D, [2009-09-03T23:18:30.414953 #21622] DEBUG -- : deleted: false
D, [2009-09-03T23:18:30.415024 #21622] DEBUG -- : body: Simplenote OSX
- shortcut
- interface as simple as webapp
I, [2009-09-03T23:18:30.415151 #21622]  INFO -- : Fetching Note agtzaW1wbGUtbm90ZXIMCxIETm90ZRjj8AkM
I, [2009-09-03T23:18:30.854882 #21622]  INFO -- : Fetched node: agtzaW1wbGUtbm90ZXIMCxIETm90ZRjj8AkM
D, [2009-09-03T23:18:30.854996 #21622] DEBUG -- : key: agtzaW1wbGUtbm90ZXIMCxIETm90ZRjj8AkM
D, [2009-09-03T23:18:30.855065 #21622] DEBUG -- : createDate: 2009-07-29 10:26:19.467197
D, [2009-09-03T23:18:30.855154 #21622] DEBUG -- : modifyDate: 2009-07-29 10:27:25.516979
D, [2009-09-03T23:18:30.855233 #21622] DEBUG -- : deleted: false
D, [2009-09-03T23:18:30.855304 #21622] DEBUG -- : body: Ideen fuer Rachels.de

- beitraege aehnlich wie bei squidoo erstellen
- rss aggregator um beitraege von squidoo, ebay und co zu integrieren
I, [2009-09-03T23:18:30.855434 #21622]  INFO -- : Fetching Note agtzaW1wbGUtbm90ZXIMCxIETm90ZRiwwwgM
I, [2009-09-03T23:18:31.283094 #21622]  INFO -- : Fetched node: agtzaW1wbGUtbm90ZXIMCxIETm90ZRiwwwgM
D, [2009-09-03T23:18:31.283212 #21622] DEBUG -- : key: agtzaW1wbGUtbm90ZXIMCxIETm90ZRiwwwgM
D, [2009-09-03T23:18:31.283389 #21622] DEBUG -- : createDate: 2009-07-17 05:43:40
D, [2009-09-03T23:18:31.283516 #21622] DEBUG -- : modifyDate: 2009-07-22 15:28:18
D, [2009-09-03T23:18:31.283607 #21622] DEBUG -- : deleted: false
D, [2009-09-03T23:18:31.283734 #21622] DEBUG -- : body: Nichtapproximierbarkeit und in diesem Zusammenhang Max Knapsack


Ab wann ist ein algorithmus approximierbar?
Und ab wann nicht?

Christophides für tsp und die nichtapproximierbarkeit anhand eines Beispiels erklären


I, [2009-09-03T23:18:31.283860 #21622]  INFO -- : Fetching Note agtzaW1wbGUtbm90ZXIMCxIETm90ZRijzggM
I, [2009-09-03T23:18:31.726420 #21622]  INFO -- : Fetched node: agtzaW1wbGUtbm90ZXIMCxIETm90ZRijzggM
D, [2009-09-03T23:18:31.726550 #21622] DEBUG -- : key: agtzaW1wbGUtbm90ZXIMCxIETm90ZRijzggM
D, [2009-09-03T23:18:31.726638 #21622] DEBUG -- : createDate: 2009-07-17 11:13:43
D, [2009-09-03T23:18:31.726716 #21622] DEBUG -- : modifyDate: 2009-07-17 11:20:01
D, [2009-09-03T23:18:31.726782 #21622] DEBUG -- : deleted: false
D, [2009-09-03T23:18:31.726849 #21622] DEBUG -- : body: Präsentationsnotizen

- kurze vorstellung
- realbeispiel nennen (evtl auch 2)
- nährungsalgorithmen vorstellen und die unterschiede zu Heuristiken erwähnen ( viel Erfahrung, empirische Auswertung)
- appprixamtionsklassen vorstellen 
 - apx  
- evtl. TSP oder MJS vorstellen
- schönen Schluss 
